2023-12-11T00:06:21.782+09:00  WARN 18904 --- [http-nio-9091-exec-4] ocalVariableTableParameterNameDiscoverer : Using deprecated '-debug' fallback for parameter name resolution. Compile the affected code with '-parameters' instead or avoid its introspection: com.school.demo.Controller.AdminController
2023-12-11T00:18:03.764+09:00  INFO 18904 --- [File Watcher] rtingClassPathChangeChangedEventListener : Restarting due to 1 class path change (0 additions, 0 deletions, 1 modification)
2023-12-11T00:18:03.802+09:00  INFO 18904 --- [Thread-11] o.apache.catalina.core.StandardService   : Stopping service [Tomcat]
2023-12-11T00:18:03.803+09:00  INFO 18904 --- [Thread-11] o.a.c.c.C.[Tomcat].[localhost].[/]       : Destroying Spring FrameworkServlet 'dispatcherServlet'
2023-12-11T00:18:03.809+09:00  WARN 18904 --- [Thread-11] o.a.c.loader.WebappClassLoaderBase       : The web application [ROOT] appears to have started a thread named [HikariPool-3 housekeeper] but has failed to stop it. This is very likely to create a memory leak. Stack trace of thread:
 java.base/jdk.internal.misc.Unsafe.park(Native Method)
 java.base/java.util.concurrent.locks.LockSupport.parkNanos(LockSupport.java:269)
 java.base/java.util.concurrent.locks.AbstractQueuedSynchronizer$ConditionObject.awaitNanos(AbstractQueuedSynchronizer.java:1758)
 java.base/java.util.concurrent.ScheduledThreadPoolExecutor$DelayedWorkQueue.take(ScheduledThreadPoolExecutor.java:1182)
 java.base/java.util.concurrent.ScheduledThreadPoolExecutor$DelayedWorkQueue.take(ScheduledThreadPoolExecutor.java:899)
 java.base/java.util.concurrent.ThreadPoolExecutor.getTask(ThreadPoolExecutor.java:1070)
 java.base/java.util.concurrent.ThreadPoolExecutor.runWorker(ThreadPoolExecutor.java:1130)
 java.base/java.util.concurrent.ThreadPoolExecutor$Worker.run(ThreadPoolExecutor.java:642)
 java.base/java.lang.Thread.run(Thread.java:1623)
2023-12-11T00:18:03.811+09:00  INFO 18904 --- [Thread-11] com.zaxxer.hikari.HikariDataSource       : HikariPool-3 - Shutdown initiated...
2023-12-11T00:18:03.816+09:00  INFO 18904 --- [Thread-11] com.zaxxer.hikari.HikariDataSource       : HikariPool-3 - Shutdown completed.
2023-12-11T00:18:04.266+09:00  INFO 18904 --- [restartedMain] o.s.b.w.embedded.tomcat.TomcatWebServer  : Tomcat initialized with port(s): 9091 (http)
2023-12-11T00:18:04.267+09:00  INFO 18904 --- [restartedMain] o.apache.catalina.core.StandardService   : Starting service [Tomcat]
2023-12-11T00:18:04.267+09:00  INFO 18904 --- [restartedMain] o.apache.catalina.core.StandardEngine    : Starting Servlet engine: [Apache Tomcat/10.1.13]
2023-12-11T00:18:04.298+09:00  INFO 18904 --- [restartedMain] o.a.c.c.C.[Tomcat].[localhost].[/]       : Initializing Spring embedded WebApplicationContext
2023-12-11T00:18:04.298+09:00  INFO 18904 --- [restartedMain] w.s.c.ServletWebServerApplicationContext : Root WebApplicationContext: initialization completed in 377 ms
2023-12-11T00:18:04.493+09:00  INFO 18904 --- [restartedMain] o.s.s.web.DefaultSecurityFilterChain     : Will secure any request with [org.springframework.security.web.session.DisableEncodeUrlFilter@229b3eb5, org.springframework.security.web.context.request.async.WebAsyncManagerIntegrationFilter@4ea3434b, org.springframework.security.web.context.SecurityContextHolderFilter@780c67bd, org.springframework.security.web.header.HeaderWriterFilter@407946ff, org.springframework.security.web.authentication.logout.LogoutFilter@3f132c7d, org.springframework.security.web.authentication.UsernamePasswordAuthenticationFilter@1b9af082, org.springframework.security.web.savedrequest.RequestCacheAwareFilter@755edf57, org.springframework.security.web.servletapi.SecurityContextHolderAwareRequestFilter@2ddab7f0, org.springframework.security.web.authentication.AnonymousAuthenticationFilter@31f29c79, org.springframework.security.web.access.ExceptionTranslationFilter@308d1a26, org.springframework.security.web.access.intercept.AuthorizationFilter@2f6a188e]
2023-12-11T00:18:04.547+09:00  INFO 18904 --- [restartedMain] o.s.b.d.a.OptionalLiveReloadServer       : LiveReload server is running on port 35729
2023-12-11T00:18:04.558+09:00  INFO 18904 --- [restartedMain] o.s.b.w.embedded.tomcat.TomcatWebServer  : Tomcat started on port(s): 9091 (http) with context path ''
2023-12-11T00:18:04.564+09:00  INFO 18904 --- [restartedMain] .ConditionEvaluationDeltaLoggingListener : Condition evaluation unchanged
2023-12-11T00:44:33.704+09:00  INFO 18904 --- [http-nio-9091-exec-1] o.a.c.c.C.[Tomcat].[localhost].[/]       : Initializing Spring DispatcherServlet 'dispatcherServlet'
2023-12-11T00:44:33.705+09:00  INFO 18904 --- [http-nio-9091-exec-1] o.s.web.servlet.DispatcherServlet        : Initializing Servlet 'dispatcherServlet'
2023-12-11T00:44:33.706+09:00  INFO 18904 --- [http-nio-9091-exec-1] o.s.web.servlet.DispatcherServlet        : Completed initialization in 1 ms
2023-12-11T01:04:22.332+09:00  INFO 18904 --- [http-nio-9091-exec-4] com.zaxxer.hikari.HikariDataSource       : HikariPool-4 - Starting...
2023-12-11T01:04:22.348+09:00  INFO 18904 --- [http-nio-9091-exec-4] com.zaxxer.hikari.pool.HikariPool        : HikariPool-4 - Added connection com.mysql.cj.jdbc.ConnectionImpl@58bae47a
2023-12-11T01:04:22.348+09:00  INFO 18904 --- [http-nio-9091-exec-4] com.zaxxer.hikari.HikariDataSource       : HikariPool-4 - Start completed.
2023-12-11T01:04:24.600+09:00  WARN 18904 --- [http-nio-9091-exec-10] ocalVariableTableParameterNameDiscoverer : Using deprecated '-debug' fallback for parameter name resolution. Compile the affected code with '-parameters' instead or avoid its introspection: com.school.demo.Controller.UserController
2023-12-11T02:05:24.911+09:00  INFO 18904 --- [RMI TCP Connection(187)-127.0.0.1] inMXBeanRegistrar$SpringApplicationAdmin : Application shutdown requested.
2023-12-11T02:05:24.948+09:00  INFO 18904 --- [RMI TCP Connection(187)-127.0.0.1] o.apache.catalina.core.StandardService   : Stopping service [Tomcat]
2023-12-11T02:05:24.949+09:00  INFO 18904 --- [RMI TCP Connection(187)-127.0.0.1] o.a.c.c.C.[Tomcat].[localhost].[/]       : Destroying Spring FrameworkServlet 'dispatcherServlet'
2023-12-11T02:05:24.952+09:00  WARN 18904 --- [RMI TCP Connection(187)-127.0.0.1] o.a.c.loader.WebappClassLoaderBase       : The web application [ROOT] appears to have started a thread named [HikariPool-4 housekeeper] but has failed to stop it. This is very likely to create a memory leak. Stack trace of thread:
 java.base/jdk.internal.misc.Unsafe.park(Native Method)
 java.base/java.util.concurrent.locks.LockSupport.parkNanos(LockSupport.java:269)
 java.base/java.util.concurrent.locks.AbstractQueuedSynchronizer$ConditionObject.awaitNanos(AbstractQueuedSynchronizer.java:1758)
 java.base/java.util.concurrent.ScheduledThreadPoolExecutor$DelayedWorkQueue.take(ScheduledThreadPoolExecutor.java:1182)
 java.base/java.util.concurrent.ScheduledThreadPoolExecutor$DelayedWorkQueue.take(ScheduledThreadPoolExecutor.java:899)
 java.base/java.util.concurrent.ThreadPoolExecutor.getTask(ThreadPoolExecutor.java:1070)
 java.base/java.util.concurrent.ThreadPoolExecutor.runWorker(ThreadPoolExecutor.java:1130)
 java.base/java.util.concurrent.ThreadPoolExecutor$Worker.run(ThreadPoolExecutor.java:642)
 java.base/java.lang.Thread.run(Thread.java:1623)
2023-12-11T02:05:24.956+09:00  INFO 18904 --- [RMI TCP Connection(187)-127.0.0.1] com.zaxxer.hikari.HikariDataSource       : HikariPool-4 - Shutdown initiated...
2023-12-11T02:05:24.960+09:00  INFO 18904 --- [RMI TCP Connection(187)-127.0.0.1] com.zaxxer.hikari.HikariDataSource       : HikariPool-4 - Shutdown completed.
